<?xml version="1.0" encoding="UTF-8"?>
<testsuite name="com.hars.webInterface.WebInterfaceApplicationTests" tests="1" skipped="0" failures="0" errors="0" timestamp="2025-03-05T21:04:57" hostname="MacBook-Pro-di-Mattia-2.fritz.box" time="0.319">
  <properties/>
  <testcase name="contextLoads()" classname="com.hars.webInterface.WebInterfaceApplicationTests" time="0.319"/>
  <system-out><![CDATA[22:04:56.205 [Test worker] INFO org.springframework.test.context.support.AnnotationConfigContextLoaderUtils -- Could not detect default configuration classes for test class [com.hars.webInterface.WebInterfaceApplicationTests]: WebInterfaceApplicationTests does not declare any static, non-private, non-final, nested classes annotated with @Configuration.
22:04:56.261 [Test worker] INFO org.springframework.boot.test.context.SpringBootTestContextBootstrapper -- Found @SpringBootConfiguration com.hars.webInterface.WebInterfaceApplication for test class com.hars.webInterface.WebInterfaceApplicationTests

  .   ____          _            __ _ _
 /\\ / ___'_ __ _ _(_)_ __  __ _ \ \ \ \
( ( )\___ | '_ | '_| | '_ \/ _` | \ \ \ \
 \\/  ___)| |_)| | | | | || (_| |  ) ) ) )
  '  |____| .__|_| |_|_| |_\__, | / / / /
 =========|_|==============|___/=/_/_/_/

 :: Spring Boot ::                (v3.4.3)

2025-03-05T22:04:56.456+01:00  INFO 4610 --- [webInterface] [    Test worker] c.h.w.WebInterfaceApplicationTests       : Starting WebInterfaceApplicationTests using Java 17.0.13 with PID 4610 (started by mastro in /Users/mastro/Documents/GitHub/Home-automation-roller-shutters)
2025-03-05T22:04:56.457+01:00  INFO 4610 --- [webInterface] [    Test worker] c.h.w.WebInterfaceApplicationTests       : No active profile set, falling back to 1 default profile: "default"
2025-03-05T22:04:56.711+01:00  INFO 4610 --- [webInterface] [    Test worker] .s.d.r.c.RepositoryConfigurationDelegate : Bootstrapping Spring Data JPA repositories in DEFAULT mode.
2025-03-05T22:04:56.720+01:00  INFO 4610 --- [webInterface] [    Test worker] .s.d.r.c.RepositoryConfigurationDelegate : Finished Spring Data repository scanning in 6 ms. Found 0 JPA repository interfaces.
2025-03-05T22:04:56.882+01:00  INFO 4610 --- [webInterface] [    Test worker] com.zaxxer.hikari.HikariDataSource       : HikariPool-1 - Starting...
2025-03-05T22:04:56.955+01:00  INFO 4610 --- [webInterface] [    Test worker] com.zaxxer.hikari.pool.HikariPool        : HikariPool-1 - Added connection conn0: url=jdbc:h2:mem:f960b421-00dd-416a-b094-3786226368fd user=SA
2025-03-05T22:04:56.958+01:00  INFO 4610 --- [webInterface] [    Test worker] com.zaxxer.hikari.HikariDataSource       : HikariPool-1 - Start completed.
2025-03-05T22:04:56.992+01:00  INFO 4610 --- [webInterface] [    Test worker] o.hibernate.jpa.internal.util.LogHelper  : HHH000204: Processing PersistenceUnitInfo [name: default]
2025-03-05T22:04:57.012+01:00  INFO 4610 --- [webInterface] [    Test worker] org.hibernate.Version                    : HHH000412: Hibernate ORM core version 6.6.8.Final
2025-03-05T22:04:57.030+01:00  INFO 4610 --- [webInterface] [    Test worker] o.h.c.internal.RegionFactoryInitiator    : HHH000026: Second-level cache disabled
2025-03-05T22:04:57.144+01:00  INFO 4610 --- [webInterface] [    Test worker] o.s.o.j.p.SpringPersistenceUnitInfo      : No LoadTimeWeaver setup: ignoring JPA class transformer
2025-03-05T22:04:57.180+01:00  INFO 4610 --- [webInterface] [    Test worker] org.hibernate.orm.connections.pooling    : HHH10001005: Database info:
	Database JDBC URL [Connecting through datasource 'HikariDataSource (HikariPool-1)']
	Database driver: undefined/unknown
	Database version: 2.3.232
	Autocommit mode: undefined/unknown
	Isolation level: undefined/unknown
	Minimum pool size: undefined/unknown
	Maximum pool size: undefined/unknown
2025-03-05T22:04:57.325+01:00  INFO 4610 --- [webInterface] [    Test worker] o.h.e.t.j.p.i.JtaPlatformInitiator       : HHH000489: No JTA platform available (set 'hibernate.transaction.jta.platform' to enable JTA platform integration)
2025-03-05T22:04:57.327+01:00  INFO 4610 --- [webInterface] [    Test worker] j.LocalContainerEntityManagerFactoryBean : Initialized JPA EntityManagerFactory for persistence unit 'default'
2025-03-05T22:04:57.397+01:00  WARN 4610 --- [webInterface] [    Test worker] JpaBaseConfiguration$JpaWebConfiguration : spring.jpa.open-in-view is enabled by default. Therefore, database queries may be performed during view rendering. Explicitly configure spring.jpa.open-in-view to disable this warning
2025-03-05T22:04:57.601+01:00  INFO 4610 --- [webInterface] [    Test worker] c.h.w.WebInterfaceApplicationTests       : Started WebInterfaceApplicationTests in 1.275 seconds (process running for 1.789)
]]></system-out>
  <system-err><![CDATA[]]></system-err>
</testsuite>
